TN:
SF:src/middleware/errorHandler/CustomErrors.ts
FN:2,FileExtensionNotAllowedError
FN:10,FileNotSentError
FN:18,NotFoundError
FNF:3
FNH:2
FNDA:2,FileExtensionNotAllowedError
FNDA:0,FileNotSentError
FNDA:2,NotFoundError
DA:1,1
DA:2,1
DA:3,2
DA:4,2
DA:5,2
DA:6,2
DA:7,1
DA:8,1
DA:9,1
DA:10,1
DA:11,0
DA:12,0
DA:13,0
DA:14,0
DA:15,1
DA:16,1
DA:17,1
DA:18,1
DA:19,2
DA:20,2
DA:21,2
DA:22,2
DA:23,1
LF:23
LH:19
BRDA:2,0,0,2
BRDA:18,1,0,2
BRF:2
BRH:2
end_of_record
TN:
SF:src/repositories/implementations/UploadFileRepository.ts
FN:7,saveFile
FN:11,getDataFromQueryString
FNF:2
FNH:1
FNDA:1,saveFile
FNDA:0,getDataFromQueryString
DA:1,1
DA:2,1
DA:3,1
DA:4,1
DA:5,1
DA:6,1
DA:7,1
DA:8,1
DA:9,1
DA:10,1
DA:11,1
DA:12,0
DA:13,0
DA:14,0
DA:15,0
DA:16,0
DA:17,0
DA:18,0
DA:19,0
DA:20,0
DA:21,0
DA:22,0
DA:23,0
DA:24,0
DA:25,0
DA:26,1
LF:26
LH:12
BRDA:7,0,0,1
BRF:1
BRH:1
end_of_record
TN:
SF:src/useCases/SearchFiles/SearchFileUseCase.ts
FN:6,SearchFileUseCase
FN:8,execute
FN:18,validateData
FNF:3
FNH:3
FNDA:2,SearchFileUseCase
FNDA:2,execute
FNDA:2,validateData
DA:1,1
DA:2,1
DA:3,1
DA:4,1
DA:5,1
DA:6,1
DA:7,1
DA:8,1
DA:9,2
DA:10,2
DA:11,2
DA:12,2
DA:13,2
DA:14,2
DA:15,2
DA:16,2
DA:17,1
DA:18,1
DA:19,2
DA:20,1
DA:21,1
DA:22,2
DA:23,1
LF:23
LH:23
BRDA:6,0,0,2
BRDA:8,1,0,2
BRDA:18,2,0,2
BRDA:19,3,0,1
BRF:4
BRH:4
end_of_record
TN:
SF:src/useCases/UploadFiles/UploadFileUseCase.ts
FN:7,UploadFileUseCase
FN:9,execute
FN:39,validateCSVFile
FNF:3
FNH:3
FNDA:2,UploadFileUseCase
FNDA:2,execute
FNDA:2,validateCSVFile
DA:1,1
DA:2,1
DA:3,1
DA:4,1
DA:5,1
DA:6,1
DA:7,1
DA:8,1
DA:9,1
DA:10,2
DA:11,2
DA:12,2
DA:13,2
DA:14,2
DA:15,2
DA:16,2
DA:17,2
DA:18,2
DA:19,2
DA:20,2
DA:21,2
DA:22,2
DA:23,2
DA:24,2
DA:25,2
DA:26,2
DA:27,2
DA:28,2
DA:29,2
DA:30,2
DA:31,2
DA:32,2
DA:33,2
DA:34,2
DA:35,2
DA:36,2
DA:37,2
DA:38,1
DA:39,1
DA:40,2
DA:41,2
DA:42,2
DA:43,2
DA:44,1
DA:45,1
DA:46,2
DA:47,1
LF:47
LH:47
BRDA:7,0,0,2
BRDA:9,1,0,2
BRDA:22,2,0,3
BRDA:39,3,0,2
BRDA:42,4,0,0
BRDA:43,5,0,1
BRF:6
BRH:5
end_of_record
